{"contracts/CentralizedBugOracle.sol":{"l":{"25":3,"26":2,"39":5,"40":4,"41":4,"42":4,"43":4,"56":2,"57":1,"67":2,"77":1,"83":1,"84":1,"85":1},"path":"/home/jgcarv/Dev/Ethereum/Solidified/MVP/oracle-mvp/contracts/CentralizedBugOracle.sol","s":{"1":3,"2":5,"3":4,"4":4,"5":4,"6":4,"7":2,"8":1,"9":2,"10":1,"11":1,"12":1,"13":1},"b":{"1":[2,1],"2":[4,1],"3":[1,1]},"f":{"1":3,"2":5,"3":2,"4":2,"5":1,"6":1},"fnMap":{"1":{"name":"isOwner","line":23,"loc":{"start":{"line":23,"column":2},"end":{"line":23,"column":21}}},"2":{"name":null,"line":34,"loc":{"start":{"line":34,"column":4},"end":{"line":37,"column":5}}},"3":{"name":"setOutcome","line":51,"loc":{"start":{"line":51,"column":2},"end":{"line":54,"column":3}}},"4":{"name":"isOutcomeSet","line":62,"loc":{"start":{"line":62,"column":2},"end":{"line":66,"column":3}}},"5":{"name":"getOutcome","line":72,"loc":{"start":{"line":72,"column":2},"end":{"line":76,"column":3}}},"6":{"name":"_setOutcome","line":82,"loc":{"start":{"line":82,"column":2},"end":{"line":82,"column":45}}}},"statementMap":{"1":{"start":{"line":25,"column":6},"end":{"line":25,"column":33}},"2":{"start":{"line":39,"column":8},"end":{"line":39,"column":38}},"3":{"start":{"line":40,"column":8},"end":{"line":40,"column":21}},"4":{"start":{"line":41,"column":8},"end":{"line":41,"column":27}},"5":{"start":{"line":42,"column":8},"end":{"line":42,"column":21}},"6":{"start":{"line":43,"column":8},"end":{"line":43,"column":21}},"7":{"start":{"line":56,"column":6},"end":{"line":56,"column":20}},"8":{"start":{"line":57,"column":6},"end":{"line":57,"column":26}},"9":{"start":{"line":67,"column":6},"end":{"line":67,"column":18}},"10":{"start":{"line":77,"column":6},"end":{"line":77,"column":20}},"11":{"start":{"line":83,"column":4},"end":{"line":83,"column":15}},"12":{"start":{"line":84,"column":4},"end":{"line":84,"column":21}},"13":{"start":{"line":85,"column":4},"end":{"line":85,"column":36}}},"branchMap":{"1":{"line":25,"type":"if","locations":[{"start":{"line":25,"column":6},"end":{"line":25,"column":6}},{"start":{"line":25,"column":6},"end":{"line":25,"column":6}}]},"2":{"line":39,"type":"if","locations":[{"start":{"line":39,"column":8},"end":{"line":39,"column":8}},{"start":{"line":39,"column":8},"end":{"line":39,"column":8}}]},"3":{"line":56,"type":"if","locations":[{"start":{"line":56,"column":6},"end":{"line":56,"column":6}},{"start":{"line":56,"column":6},"end":{"line":56,"column":6}}]}}},"contracts/Oracle.sol":{"l":{},"path":"/home/jgcarv/Dev/Ethereum/Solidified/MVP/oracle-mvp/contracts/Oracle.sol","s":{},"b":{},"f":{},"fnMap":{},"statementMap":{},"branchMap":{}},"contracts/OracleVendingMachine.sol":{"l":{"55":10,"56":9,"61":5,"62":4,"72":3,"73":3,"74":3,"75":3,"76":3,"84":1,"85":1,"93":2,"94":1,"95":1,"103":2,"104":1,"105":1,"113":3,"114":3,"127":3,"128":3,"129":3,"130":3,"141":3,"143":2,"144":2,"146":2,"147":2,"148":2,"159":3,"160":3,"161":3,"162":3,"163":3,"174":1,"175":1,"177":1,"178":1,"180":1,"181":1,"183":1,"184":1,"185":1,"186":1,"187":1,"196":3,"197":2,"198":1,"199":1,"200":1,"201":1,"203":1,"204":1,"212":6,"213":5,"214":5},"path":"/home/jgcarv/Dev/Ethereum/Solidified/MVP/oracle-mvp/contracts/OracleVendingMachine.sol","s":{"1":10,"2":5,"3":3,"4":3,"5":3,"6":3,"7":3,"8":1,"9":1,"10":2,"11":1,"12":1,"13":2,"14":1,"15":1,"16":3,"17":3,"18":3,"19":3,"20":3,"21":3,"22":3,"23":2,"24":1,"25":2,"26":2,"27":2,"28":2,"29":3,"30":1,"31":3,"32":3,"33":3,"34":3,"35":1,"36":1,"37":1,"38":1,"39":1,"40":1,"41":1,"42":1,"43":1,"44":1,"45":1,"46":1,"47":1,"48":3,"49":2,"50":1,"51":1,"52":1,"53":1,"54":1,"55":1,"56":6,"57":5,"58":5},"b":{"1":[9,1],"2":[4,1],"3":[1,1],"4":[1,1],"5":[3,0],"6":[2,1],"7":[1,1],"8":[1,2],"9":[1,0],"10":[1,0],"11":[2,1],"12":[1,1],"13":[5,1]},"f":{"1":10,"2":5,"3":3,"4":1,"5":2,"6":2,"7":3,"8":3,"9":3,"10":3,"11":1,"12":3,"13":6},"fnMap":{"1":{"name":"isOwner","line":53,"loc":{"start":{"line":53,"column":2},"end":{"line":53,"column":21}}},"2":{"name":"whenOpen","line":59,"loc":{"start":{"line":59,"column":2},"end":{"line":59,"column":21}}},"3":{"name":null,"line":71,"loc":{"start":{"line":71,"column":2},"end":{"line":71,"column":74}}},"4":{"name":"changeFee","line":83,"loc":{"start":{"line":83,"column":2},"end":{"line":83,"column":46}}},"5":{"name":"upgradeOracle","line":92,"loc":{"start":{"line":92,"column":2},"end":{"line":92,"column":66}}},"6":{"name":"changePaymentToken","line":102,"loc":{"start":{"line":102,"column":2},"end":{"line":102,"column":67}}},"7":{"name":"modifyOpenStatus","line":112,"loc":{"start":{"line":112,"column":2},"end":{"line":112,"column":55}}},"8":{"name":"deployOracle","line":126,"loc":{"start":{"line":126,"column":2},"end":{"line":126,"column":119}}},"9":{"name":"confirmOracle","line":140,"loc":{"start":{"line":140,"column":2},"end":{"line":140,"column":81}}},"10":{"name":"buyOracle","line":158,"loc":{"start":{"line":158,"column":2},"end":{"line":158,"column":88}}},"11":{"name":"buyOracleFor","line":173,"loc":{"start":{"line":173,"column":2},"end":{"line":173,"column":116}}},"12":{"name":"revokeOracle","line":195,"loc":{"start":{"line":195,"column":2},"end":{"line":195,"column":60}}},"13":{"name":"checkBalance","line":211,"loc":{"start":{"line":211,"column":2},"end":{"line":211,"column":46}}}},"statementMap":{"1":{"start":{"line":55,"column":6},"end":{"line":55,"column":33}},"2":{"start":{"line":61,"column":4},"end":{"line":61,"column":16}},"3":{"start":{"line":72,"column":4},"end":{"line":72,"column":21}},"4":{"start":{"line":73,"column":4},"end":{"line":73,"column":13}},"5":{"start":{"line":74,"column":4},"end":{"line":74,"column":31}},"6":{"start":{"line":75,"column":4},"end":{"line":75,"column":47}},"7":{"start":{"line":76,"column":4},"end":{"line":76,"column":14}},"8":{"start":{"line":84,"column":6},"end":{"line":84,"column":15}},"9":{"start":{"line":85,"column":6},"end":{"line":85,"column":27}},"10":{"start":{"line":93,"column":4},"end":{"line":93,"column":36}},"11":{"start":{"line":94,"column":4},"end":{"line":94,"column":47}},"12":{"start":{"line":95,"column":4},"end":{"line":95,"column":42}},"13":{"start":{"line":103,"column":4},"end":{"line":103,"column":32}},"14":{"start":{"line":104,"column":4},"end":{"line":104,"column":38}},"15":{"start":{"line":105,"column":4},"end":{"line":105,"column":43}},"16":{"start":{"line":113,"column":4},"end":{"line":113,"column":16}},"17":{"start":{"line":114,"column":4},"end":{"line":114,"column":30}},"18":{"start":{"line":127,"column":4},"end":{"line":127,"column":61}},"19":{"start":{"line":128,"column":4},"end":{"line":128,"column":128}},"20":{"start":{"line":129,"column":4},"end":{"line":129,"column":47}},"21":{"start":{"line":130,"column":4},"end":{"line":130,"column":68}},"22":{"start":{"line":141,"column":4},"end":{"line":141,"column":60}},"23":{"start":{"line":143,"column":4},"end":{"line":143,"column":60}},"24":{"start":{"line":143,"column":36},"end":{"line":143,"column":59}},"25":{"start":{"line":144,"column":4},"end":{"line":144,"column":55}},"26":{"start":{"line":146,"column":4},"end":{"line":146,"column":92}},"27":{"start":{"line":147,"column":4},"end":{"line":147,"column":40}},"28":{"start":{"line":148,"column":4},"end":{"line":148,"column":96}},"29":{"start":{"line":159,"column":4},"end":{"line":159,"column":60}},"30":{"start":{"line":159,"column":36},"end":{"line":159,"column":59}},"31":{"start":{"line":160,"column":4},"end":{"line":160,"column":55}},"32":{"start":{"line":161,"column":4},"end":{"line":161,"column":43}},"33":{"start":{"line":162,"column":4},"end":{"line":162,"column":88}},"34":{"start":{"line":163,"column":4},"end":{"line":163,"column":60}},"35":{"start":{"line":174,"column":4},"end":{"line":174,"column":50}},"36":{"start":{"line":174,"column":31},"end":{"line":174,"column":49}},"37":{"start":{"line":175,"column":4},"end":{"line":175,"column":50}},"38":{"start":{"line":175,"column":31},"end":{"line":175,"column":49}},"39":{"start":{"line":177,"column":4},"end":{"line":177,"column":45}},"40":{"start":{"line":178,"column":4},"end":{"line":178,"column":45}},"41":{"start":{"line":180,"column":4},"end":{"line":180,"column":46}},"42":{"start":{"line":181,"column":4},"end":{"line":181,"column":79}},"43":{"start":{"line":183,"column":4},"end":{"line":183,"column":55}},"44":{"start":{"line":184,"column":4},"end":{"line":184,"column":58}},"45":{"start":{"line":185,"column":4},"end":{"line":185,"column":69}},"46":{"start":{"line":186,"column":4},"end":{"line":186,"column":35}},"47":{"start":{"line":187,"column":4},"end":{"line":187,"column":76}},"48":{"start":{"line":196,"column":4},"end":{"line":196,"column":61}},"49":{"start":{"line":197,"column":4},"end":{"line":197,"column":66}},"50":{"start":{"line":198,"column":4},"end":{"line":198,"column":76}},"51":{"start":{"line":199,"column":4},"end":{"line":199,"column":53}},"52":{"start":{"line":200,"column":4},"end":{"line":200,"column":51}},"53":{"start":{"line":201,"column":4},"end":{"line":201,"column":73}},"54":{"start":{"line":203,"column":4},"end":{"line":203,"column":70}},"55":{"start":{"line":204,"column":4},"end":{"line":204,"column":69}},"56":{"start":{"line":212,"column":4},"end":{"line":212,"column":35}},"57":{"start":{"line":213,"column":4},"end":{"line":213,"column":52}},"58":{"start":{"line":214,"column":4},"end":{"line":214,"column":32}}},"branchMap":{"1":{"line":55,"type":"if","locations":[{"start":{"line":55,"column":6},"end":{"line":55,"column":6}},{"start":{"line":55,"column":6},"end":{"line":55,"column":6}}]},"2":{"line":61,"type":"if","locations":[{"start":{"line":61,"column":4},"end":{"line":61,"column":4}},{"start":{"line":61,"column":4},"end":{"line":61,"column":4}}]},"3":{"line":93,"type":"if","locations":[{"start":{"line":93,"column":4},"end":{"line":93,"column":4}},{"start":{"line":93,"column":4},"end":{"line":93,"column":4}}]},"4":{"line":103,"type":"if","locations":[{"start":{"line":103,"column":4},"end":{"line":103,"column":4}},{"start":{"line":103,"column":4},"end":{"line":103,"column":4}}]},"5":{"line":127,"type":"if","locations":[{"start":{"line":127,"column":4},"end":{"line":127,"column":4}},{"start":{"line":127,"column":4},"end":{"line":127,"column":4}}]},"6":{"line":141,"type":"if","locations":[{"start":{"line":141,"column":4},"end":{"line":141,"column":4}},{"start":{"line":141,"column":4},"end":{"line":141,"column":4}}]},"7":{"line":143,"type":"if","locations":[{"start":{"line":143,"column":4},"end":{"line":143,"column":4}},{"start":{"line":143,"column":4},"end":{"line":143,"column":4}}]},"8":{"line":159,"type":"if","locations":[{"start":{"line":159,"column":4},"end":{"line":159,"column":4}},{"start":{"line":159,"column":4},"end":{"line":159,"column":4}}]},"9":{"line":174,"type":"if","locations":[{"start":{"line":174,"column":4},"end":{"line":174,"column":4}},{"start":{"line":174,"column":4},"end":{"line":174,"column":4}}]},"10":{"line":175,"type":"if","locations":[{"start":{"line":175,"column":4},"end":{"line":175,"column":4}},{"start":{"line":175,"column":4},"end":{"line":175,"column":4}}]},"11":{"line":196,"type":"if","locations":[{"start":{"line":196,"column":4},"end":{"line":196,"column":4}},{"start":{"line":196,"column":4},"end":{"line":196,"column":4}}]},"12":{"line":197,"type":"if","locations":[{"start":{"line":197,"column":4},"end":{"line":197,"column":4}},{"start":{"line":197,"column":4},"end":{"line":197,"column":4}}]},"13":{"line":212,"type":"if","locations":[{"start":{"line":212,"column":4},"end":{"line":212,"column":4}},{"start":{"line":212,"column":4},"end":{"line":212,"column":4}}]}}},"contracts/Proxy.sol":{"l":{"17":5,"18":5,"26":6,"27":6},"path":"/home/jgcarv/Dev/Ethereum/Solidified/MVP/oracle-mvp/contracts/Proxy.sol","s":{"1":5,"2":5,"3":6},"b":{"1":[5,0]},"f":{"1":5,"2":6},"fnMap":{"1":{"name":null,"line":14,"loc":{"start":{"line":14,"column":4},"end":{"line":16,"column":5}}},"2":{"name":null,"line":22,"loc":{"start":{"line":22,"column":4},"end":{"line":25,"column":5}}}},"statementMap":{"1":{"start":{"line":17,"column":8},"end":{"line":17,"column":32}},"2":{"start":{"line":18,"column":8},"end":{"line":18,"column":31}},"3":{"start":{"line":26,"column":8},"end":{"line":26,"column":39}}},"branchMap":{"1":{"line":17,"type":"if","locations":[{"start":{"line":17,"column":8},"end":{"line":17,"column":8}},{"start":{"line":17,"column":8},"end":{"line":17,"column":8}}]}}},"contracts/Token.sol":{"l":{},"path":"/home/jgcarv/Dev/Ethereum/Solidified/MVP/oracle-mvp/contracts/Token.sol","s":{},"b":{},"f":{},"fnMap":{},"statementMap":{},"branchMap":{}}}